<?xml version="1.0" encoding="UTF-8"?>
<!-- Generated by org.testng.reporters.JUnitReportReporter -->
<testsuite hostname="NishantLaptop" failures="0" tests="2" name="test.com.GradeTest" time="0.008" errors="0" timestamp="26 Aug 2023 16:59:23 GMT">
  <testcase classname="test.com.GradeTest" name="testGrade" time="0.007"/>
  <testcase classname="test.com.GradeTest" name="testGradeFail" time="0.001"/>
</testsuite> <!-- test.com.GradeTest -->
